Arguments: 
  C:\Program Files\nodejs\node.exe C:\Program Files (x86)\Yarn\bin\yarn.js init

PATH: 
  C:\Users\Leonardo\bin;C:\Program Files\Git\mingw64\bin;C:\Program Files\Git\usr\local\bin;C:\Program Files\Git\usr\bin;C:\Program Files\Git\usr\bin;C:\Program Files\Git\mingw64\bin;C:\Program Files\Git\usr\bin;C:\Users\Leonardo\bin;C:\Program Files\AdoptOpenJDK\jdk8u202-b08-jre\bin;C:\Program Files (x86)\AdoptOpenJDK\jdk8u202-b08-jre\bin;C:\Program Files (x86)\Common Files\Oracle\Java\javapath;C:\WINDOWS\system32;C:\WINDOWS;C:\WINDOWS\System32\Wbem;C:\WINDOWS\System32\WindowsPowerShell\v1.0;C:\WINDOWS\System32\OpenSSH;C:\Program Files\dotnet;C:\Program Files\Microsoft SQL Server\130\Tools\Binn;C:\ProgramData\chocolatey\bin;C:\Program Files\nodejs;C:\Program Files (x86)\Yarn\bin;C:\Program Files\Git\cmd;C:\Program Files\MongoDB\Server\4.4\bin;C:\Users\Leonardo\AppData\Local\Microsoft\WindowsApps;C:\Users\Leonardo\AppData\Local\Programs\Microsoft VS Code\bin;C:\Users\Leonardo\AppData\Local\GitHubDesktop\bin;C:\Users\Leonardo\AppData\Roaming\npm;C:\Users\Leonardo\AppData\Local\Yarn\bin;C:\Program Files\Git\usr\bin\vendor_perl;C:\Program Files\Git\usr\bin\core_perl

Yarn version: 
  1.22.4

Node version: 
  12.14.1

Platform: 
  win32 x64

Trace: 
  Error: canceled
      at Interface.<anonymous> (C:\Program Files (x86)\Yarn\lib\cli.js:137008:13)
      at Interface.emit (events.js:223:5)
      at Interface._ttyWrite (readline.js:885:16)
      at ReadStream.onkeypress (readline.js:191:10)
      at ReadStream.emit (events.js:223:5)
      at emitKeys (internal/readline/utils.js:433:14)
      at emitKeys.next (<anonymous>)
      at ReadStream.onData (readline.js:1151:36)
      at ReadStream.emit (events.js:223:5)
      at addChunk (_stream_readable.js:309:12)

npm manifest: 
  No manifest

yarn manifest: 
  No manifest

Lockfile: 
  No lockfile
